[INFO  - 2020-10-20T18:05:11.796Z] GhostDriver - Main - running on port 35079
[INFO  - 2020-10-20T18:05:12.575Z] Session [cc6d9960-12fe-11eb-a76e-5d05c7571db0] - page.settings - {"XSSAuditingEnabled":false,"javascriptCanCloseWindows":true,"javascriptCanOpenWindows":true,"javascriptEnabled":true,"loadImages":true,"localToRemoteUrlAccessEnabled":false,"userAgent":"Mozilla/5.0 (Unknown; Linux x86_64) AppleWebKit/538.1 (KHTML, like Gecko) PhantomJS/2.1.1 Safari/538.1","webSecurityEnabled":true}
[INFO  - 2020-10-20T18:05:12.575Z] Session [cc6d9960-12fe-11eb-a76e-5d05c7571db0] - page.customHeaders:  - {}
[INFO  - 2020-10-20T18:05:12.575Z] Session [cc6d9960-12fe-11eb-a76e-5d05c7571db0] - Session.negotiatedCapabilities - {"browserName":"phantomjs","version":"2.1.1","driverName":"ghostdriver","driverVersion":"1.2.0","platform":"linux-unknown-64bit","javascriptEnabled":true,"takesScreenshot":true,"handlesAlerts":false,"databaseEnabled":false,"locationContextEnabled":false,"applicationCacheEnabled":false,"browserConnectionEnabled":false,"cssSelectorsEnabled":true,"webStorageEnabled":false,"rotatable":false,"acceptSslCerts":false,"nativeEvents":true,"proxy":{"proxyType":"direct"}}
[INFO  - 2020-10-20T18:05:12.576Z] SessionManagerReqHand - _postNewSessionCommand - New Session Created: cc6d9960-12fe-11eb-a76e-5d05c7571db0
[ERROR - 2020-10-20T18:05:19.076Z] WebElementLocator - _handleLocateCommand - Element(s) NOT Found: GAVE UP. Search Stop Time: 1603217119073

  phantomjs://platform/console++.js:263 in error
[ERROR - 2020-10-20T18:06:28.588Z] Session [cc6d9960-12fe-11eb-a76e-5d05c7571db0] - page.onError - msg: ReferenceError: Can't find variable: cf

  phantomjs://platform/console++.js:263 in error
[ERROR - 2020-10-20T18:06:28.588Z] Session [cc6d9960-12fe-11eb-a76e-5d05c7571db0] - page.onError - stack:
  global code (https://www.azlyrics.com/lyrics/hopsin/falseadvertisement.html:407)

  phantomjs://platform/console++.js:263 in error
[ERROR - 2020-10-20T18:06:28.589Z] Session [cc6d9960-12fe-11eb-a76e-5d05c7571db0] - page.onError - msg: ReferenceError: Can't find variable: cf

  phantomjs://platform/console++.js:263 in error
[ERROR - 2020-10-20T18:06:28.589Z] Session [cc6d9960-12fe-11eb-a76e-5d05c7571db0] - page.onError - stack:
  global code (https://www.azlyrics.com/lyrics/hopsin/falseadvertisement.html:407)

  phantomjs://platform/console++.js:263 in error
[ERROR - 2020-10-20T18:07:13.140Z] Session [cc6d9960-12fe-11eb-a76e-5d05c7571db0] - page.onError - msg: ReferenceError: Can't find variable: cf

  phantomjs://platform/console++.js:263 in error
[ERROR - 2020-10-20T18:07:13.140Z] Session [cc6d9960-12fe-11eb-a76e-5d05c7571db0] - page.onError - stack:
  global code (https://www.azlyrics.com/lyrics/alanwalker/faded.html:360)

  phantomjs://platform/console++.js:263 in error
[ERROR - 2020-10-20T18:07:13.140Z] Session [cc6d9960-12fe-11eb-a76e-5d05c7571db0] - page.onError - msg: ReferenceError: Can't find variable: cf

  phantomjs://platform/console++.js:263 in error
[ERROR - 2020-10-20T18:07:13.141Z] Session [cc6d9960-12fe-11eb-a76e-5d05c7571db0] - page.onError - stack:
  global code (https://www.azlyrics.com/lyrics/alanwalker/faded.html:360)

  phantomjs://platform/console++.js:263 in error
[INFO  - 2020-10-20T18:10:11.809Z] SessionManagerReqHand - _cleanupWindowlessSessions - Asynchronous Sessions clean-up phase starting NOW
